[debug] [2023-05-28T20:20:10.500Z] ----------------------------------------------------------------------
[debug] [2023-05-28T20:20:10.503Z] Command:       C:\Program Files\nodejs\node.exe C:\Users\Ellis Rockefeller\AppData\Roaming\npm\node_modules\firebase-tools\lib\bin\firebase.js init
[debug] [2023-05-28T20:20:10.503Z] CLI Version:   12.2.1
[debug] [2023-05-28T20:20:10.504Z] Platform:      win32
[debug] [2023-05-28T20:20:10.504Z] Node Version:  v18.16.0
[debug] [2023-05-28T20:20:10.508Z] Time:          Sun May 28 2023 20:20:10 GMT+0000 (Coordinated Universal Time)
[debug] [2023-05-28T20:20:10.508Z] ----------------------------------------------------------------------
[debug] 
[debug] [2023-05-28T20:20:10.517Z] > command requires scopes: ["email","openid","https://www.googleapis.com/auth/cloudplatformprojects.readonly","https://www.googleapis.com/auth/firebase","https://www.googleapis.com/auth/cloud-platform"]
[debug] [2023-05-28T20:20:10.517Z] > authorizing via signed-in user (ellisyou59@gmail.com)
[info] 
     ######## #### ########  ######## ########     ###     ######  ########
     ##        ##  ##     ## ##       ##     ##  ##   ##  ##       ##
     ######    ##  ########  ######   ########  #########  ######  ######
     ##        ##  ##    ##  ##       ##     ## ##     ##       ## ##
     ##       #### ##     ## ######## ########  ##     ##  ######  ########

You're about to initialize a Firebase project in this directory:

  C:\xampp\htdocs\bootstrap v1

Before we get started, keep in mind:

  * You are currently outside your home directory

[info] 
=== Project Setup
[info] 
[info] First, let's associate this project directory with a Firebase project.
[info] You can create multiple project aliases by running firebase use --add, 
[info] but for now we'll just set up a default project.
[info] 
[debug] [2023-05-28T20:20:34.638Z] >>> [apiv2][query] GET https://firebase.googleapis.com/v1beta1/projects pageSize=100
[debug] [2023-05-28T20:20:35.734Z] <<< [apiv2][status] GET https://firebase.googleapis.com/v1beta1/projects 200
[debug] [2023-05-28T20:20:35.734Z] <<< [apiv2][body] GET https://firebase.googleapis.com/v1beta1/projects [omitted]
[info] i  Using project the-store-4bee5 (the store) 
[info] 
=== Database Setup
[info] i  database: ensuring required API firebasedatabase.googleapis.com is enabled... 
[debug] [2023-05-28T20:20:37.021Z] >>> [apiv2][query] GET https://serviceusage.googleapis.com/v1/projects/the-store-4bee5/services/firebasedatabase.googleapis.com [none]
[debug] [2023-05-28T20:20:37.021Z] >>> [apiv2][(partial)header] GET https://serviceusage.googleapis.com/v1/projects/the-store-4bee5/services/firebasedatabase.googleapis.com x-goog-quota-user=projects/the-store-4bee5
[debug] [2023-05-28T20:20:38.491Z] <<< [apiv2][status] GET https://serviceusage.googleapis.com/v1/projects/the-store-4bee5/services/firebasedatabase.googleapis.com 200
[debug] [2023-05-28T20:20:38.491Z] <<< [apiv2][body] GET https://serviceusage.googleapis.com/v1/projects/the-store-4bee5/services/firebasedatabase.googleapis.com [omitted]
[info] +  database: required API firebasedatabase.googleapis.com is enabled 
[info] 
[debug] [2023-05-28T20:20:38.493Z] >>> [apiv2][query] GET https://firebasedatabase.googleapis.com/v1beta/projects/the-store-4bee5/locations/-/instances/the-store-4bee5-default-rtdb [none]
[debug] [2023-05-28T20:20:39.214Z] <<< [apiv2][status] GET https://firebasedatabase.googleapis.com/v1beta/projects/the-store-4bee5/locations/-/instances/the-store-4bee5-default-rtdb 200
[debug] [2023-05-28T20:20:39.215Z] <<< [apiv2][body] GET https://firebasedatabase.googleapis.com/v1beta/projects/the-store-4bee5/locations/-/instances/the-store-4bee5-default-rtdb {"name":"projects/829773684648/locations/europe-west1/instances/the-store-4bee5-default-rtdb","project":"projects/829773684648","databaseUrl":"https://the-store-4bee5-default-rtdb.europe-west1.firebasedatabase.app","type":"DEFAULT_DATABASE","state":"ACTIVE"}
[info] 
[info] Firebase Realtime Database Security Rules allow you to define how your data should be
[info] structured and when your data can be read from and written to.
[info] 
[debug] [2023-05-28T20:20:43.487Z] >>> [apiv2][query] GET https://the-store-4bee5-default-rtdb.europe-west1.firebasedatabase.app/.settings/rules.json [none]
[debug] [2023-05-28T20:20:44.177Z] <<< [apiv2][status] GET https://the-store-4bee5-default-rtdb.europe-west1.firebasedatabase.app/.settings/rules.json 200
[debug] [2023-05-28T20:20:44.177Z] <<< [apiv2][body] GET https://the-store-4bee5-default-rtdb.europe-west1.firebasedatabase.app/.settings/rules.json [stream]
[info] +  Database Rules for the-store-4bee5-default-rtdb have been written to database.rules.json. 
[info] Future modifications to database.rules.json will update Realtime Database Security Rules when you run
[info] firebase deploy.
[info] 
=== Firestore Setup
[debug] [2023-05-28T20:20:44.182Z] >>> [apiv2][query] GET https://serviceusage.googleapis.com/v1/projects/the-store-4bee5/services/firestore.googleapis.com [none]
[debug] [2023-05-28T20:20:44.182Z] >>> [apiv2][(partial)header] GET https://serviceusage.googleapis.com/v1/projects/the-store-4bee5/services/firestore.googleapis.com x-goog-quota-user=projects/the-store-4bee5
[debug] [2023-05-28T20:20:45.302Z] <<< [apiv2][status] GET https://serviceusage.googleapis.com/v1/projects/the-store-4bee5/services/firestore.googleapis.com 200
[debug] [2023-05-28T20:20:45.302Z] <<< [apiv2][body] GET https://serviceusage.googleapis.com/v1/projects/the-store-4bee5/services/firestore.googleapis.com [omitted]
[debug] [2023-05-28T20:20:45.303Z] >>> [apiv2][query] GET https://firestore.googleapis.com/v1/projects/the-store-4bee5/databases/(default) [none]
[debug] [2023-05-28T20:20:45.907Z] <<< [apiv2][status] GET https://firestore.googleapis.com/v1/projects/the-store-4bee5/databases/(default) 200
[debug] [2023-05-28T20:20:45.907Z] <<< [apiv2][body] GET https://firestore.googleapis.com/v1/projects/the-store-4bee5/databases/(default) {"name":"projects/the-store-4bee5/databases/(default)","uid":"2e77338e-593a-408d-b29a-e69d03afda5c","createTime":"2023-05-28T20:16:38.922330Z","updateTime":"2023-05-28T20:16:38.922330Z","locationId":"europe-west2","type":"FIRESTORE_NATIVE","concurrencyMode":"PESSIMISTIC","appEngineIntegrationMode":"DISABLED","keyPrefix":"g","deleteProtectionState":"DELETE_PROTECTION_DISABLED","etag":"INbTiqTrmP8CMNqQsq7qmP8C"}
[debug] [2023-05-28T20:20:45.907Z] database_type: FIRESTORE_NATIVE
[debug] [2023-05-28T20:20:45.908Z] > command requires scopes: ["email","openid","https://www.googleapis.com/auth/cloudplatformprojects.readonly","https://www.googleapis.com/auth/firebase","https://www.googleapis.com/auth/cloud-platform"]
[debug] [2023-05-28T20:20:45.908Z] > authorizing via signed-in user (ellisyou59@gmail.com)
[debug] [2023-05-28T20:20:45.908Z] [iam] checking project the-store-4bee5 for permissions ["firebase.projects.get"]
[debug] [2023-05-28T20:20:45.909Z] >>> [apiv2][query] POST https://cloudresourcemanager.googleapis.com/v1/projects/the-store-4bee5:testIamPermissions [none]
[debug] [2023-05-28T20:20:45.909Z] >>> [apiv2][(partial)header] POST https://cloudresourcemanager.googleapis.com/v1/projects/the-store-4bee5:testIamPermissions x-goog-quota-user=projects/the-store-4bee5
[debug] [2023-05-28T20:20:45.909Z] >>> [apiv2][body] POST https://cloudresourcemanager.googleapis.com/v1/projects/the-store-4bee5:testIamPermissions {"permissions":["firebase.projects.get"]}
[debug] [2023-05-28T20:20:46.986Z] <<< [apiv2][status] POST https://cloudresourcemanager.googleapis.com/v1/projects/the-store-4bee5:testIamPermissions 200
[debug] [2023-05-28T20:20:46.987Z] <<< [apiv2][body] POST https://cloudresourcemanager.googleapis.com/v1/projects/the-store-4bee5:testIamPermissions {"permissions":["firebase.projects.get"]}
[info] 
[info] Firestore Security Rules allow you to define how and when to allow
[info] requests. You can keep these rules in your project directory
[info] and publish them with firebase deploy.
[info] 
[debug] [2023-05-28T20:20:49.234Z] >>> [apiv2][query] GET https://firebaserules.googleapis.com/v1/projects/the-store-4bee5/releases pageSize=10&pageToken=
[debug] [2023-05-28T20:20:50.572Z] <<< [apiv2][status] GET https://firebaserules.googleapis.com/v1/projects/the-store-4bee5/releases 200
[debug] [2023-05-28T20:20:50.572Z] <<< [apiv2][body] GET https://firebaserules.googleapis.com/v1/projects/the-store-4bee5/releases {"releases":[{"name":"projects/the-store-4bee5/releases/cloud.firestore","rulesetName":"projects/the-store-4bee5/rulesets/e3c35732-9524-40f7-b7a8-fd53de9cf3c0","createTime":"2023-05-28T20:16:46.139728Z","updateTime":"2023-05-28T20:16:46.139728Z"}]}
[debug] [2023-05-28T20:20:50.572Z] Found ruleset: projects/the-store-4bee5/rulesets/e3c35732-9524-40f7-b7a8-fd53de9cf3c0
[debug] [2023-05-28T20:20:50.572Z] >>> [apiv2][query] GET https://firebaserules.googleapis.com/v1/projects/the-store-4bee5/rulesets/e3c35732-9524-40f7-b7a8-fd53de9cf3c0 [none]
[debug] [2023-05-28T20:20:51.799Z] <<< [apiv2][status] GET https://firebaserules.googleapis.com/v1/projects/the-store-4bee5/rulesets/e3c35732-9524-40f7-b7a8-fd53de9cf3c0 200
[debug] [2023-05-28T20:20:51.799Z] <<< [apiv2][body] GET https://firebaserules.googleapis.com/v1/projects/the-store-4bee5/rulesets/e3c35732-9524-40f7-b7a8-fd53de9cf3c0 [omitted]
[info] 
[info] Firestore indexes allow you to perform complex queries while
[info] maintaining performance that scales with the size of the result
[info] set. You can keep index definitions in your project directory
[info] and publish them with firebase deploy.
[info] 
[debug] [2023-05-28T20:20:54.329Z] >>> [apiv2][query] GET https://firestore.googleapis.com/v1/projects/the-store-4bee5/databases/(default)/collectionGroups/-/indexes [none]
[debug] [2023-05-28T20:20:54.331Z] >>> [apiv2][query] GET https://firestore.googleapis.com/v1/projects/the-store-4bee5/databases/(default)/collectionGroups/-/fields?filter=indexConfig.usesAncestorConfig=false OR ttlConfig:* [none]
[debug] [2023-05-28T20:20:55.179Z] <<< [apiv2][status] GET https://firestore.googleapis.com/v1/projects/the-store-4bee5/databases/(default)/collectionGroups/-/indexes 200
[debug] [2023-05-28T20:20:55.179Z] <<< [apiv2][body] GET https://firestore.googleapis.com/v1/projects/the-store-4bee5/databases/(default)/collectionGroups/-/indexes {}
[debug] [2023-05-28T20:20:55.549Z] <<< [apiv2][status] GET https://firestore.googleapis.com/v1/projects/the-store-4bee5/databases/(default)/collectionGroups/-/fields?filter=indexConfig.usesAncestorConfig=false OR ttlConfig:* 200
[debug] [2023-05-28T20:20:55.550Z] <<< [apiv2][body] GET https://firestore.googleapis.com/v1/projects/the-store-4bee5/databases/(default)/collectionGroups/-/fields?filter=indexConfig.usesAncestorConfig=false OR ttlConfig:* {"fields":[{"name":"projects/the-store-4bee5/databases/(default)/collectionGroups/__default__/fields/*","indexConfig":{"indexes":[{"queryScope":"COLLECTION","fields":[{"fieldPath":"*","order":"ASCENDING"}],"state":"READY"},{"queryScope":"COLLECTION","fields":[{"fieldPath":"*","order":"DESCENDING"}],"state":"READY"},{"queryScope":"COLLECTION","fields":[{"fieldPath":"*","arrayConfig":"CONTAINS"}],"state":"READY"}]}}]}
[info] 
=== Functions Setup
[debug] [2023-05-28T20:20:55.552Z] > command requires scopes: ["email","openid","https://www.googleapis.com/auth/cloudplatformprojects.readonly","https://www.googleapis.com/auth/firebase","https://www.googleapis.com/auth/cloud-platform"]
[debug] [2023-05-28T20:20:55.552Z] > authorizing via signed-in user (ellisyou59@gmail.com)
[debug] [2023-05-28T20:20:55.552Z] [iam] checking project the-store-4bee5 for permissions ["firebase.projects.get"]
[debug] [2023-05-28T20:20:55.552Z] >>> [apiv2][query] POST https://cloudresourcemanager.googleapis.com/v1/projects/the-store-4bee5:testIamPermissions [none]
[debug] [2023-05-28T20:20:55.553Z] >>> [apiv2][(partial)header] POST https://cloudresourcemanager.googleapis.com/v1/projects/the-store-4bee5:testIamPermissions x-goog-quota-user=projects/the-store-4bee5
[debug] [2023-05-28T20:20:55.553Z] >>> [apiv2][body] POST https://cloudresourcemanager.googleapis.com/v1/projects/the-store-4bee5:testIamPermissions {"permissions":["firebase.projects.get"]}
[debug] [2023-05-28T20:20:56.612Z] <<< [apiv2][status] POST https://cloudresourcemanager.googleapis.com/v1/projects/the-store-4bee5:testIamPermissions 200
[debug] [2023-05-28T20:20:56.612Z] <<< [apiv2][body] POST https://cloudresourcemanager.googleapis.com/v1/projects/the-store-4bee5:testIamPermissions {"permissions":["firebase.projects.get"]}
[debug] [2023-05-28T20:20:56.612Z] >>> [apiv2][query] GET https://serviceusage.googleapis.com/v1/projects/the-store-4bee5/services/cloudfunctions.googleapis.com [none]
[debug] [2023-05-28T20:20:56.612Z] >>> [apiv2][(partial)header] GET https://serviceusage.googleapis.com/v1/projects/the-store-4bee5/services/cloudfunctions.googleapis.com x-goog-quota-user=projects/the-store-4bee5
[debug] [2023-05-28T20:20:56.613Z] >>> [apiv2][query] GET https://serviceusage.googleapis.com/v1/projects/the-store-4bee5/services/runtimeconfig.googleapis.com [none]
[debug] [2023-05-28T20:20:56.613Z] >>> [apiv2][(partial)header] GET https://serviceusage.googleapis.com/v1/projects/the-store-4bee5/services/runtimeconfig.googleapis.com x-goog-quota-user=projects/the-store-4bee5
[debug] [2023-05-28T20:20:57.833Z] <<< [apiv2][status] GET https://serviceusage.googleapis.com/v1/projects/the-store-4bee5/services/runtimeconfig.googleapis.com 200
[debug] [2023-05-28T20:20:57.833Z] <<< [apiv2][body] GET https://serviceusage.googleapis.com/v1/projects/the-store-4bee5/services/runtimeconfig.googleapis.com [omitted]
[debug] [2023-05-28T20:20:57.835Z] <<< [apiv2][status] GET https://serviceusage.googleapis.com/v1/projects/the-store-4bee5/services/cloudfunctions.googleapis.com 200
[debug] [2023-05-28T20:20:57.835Z] <<< [apiv2][body] GET https://serviceusage.googleapis.com/v1/projects/the-store-4bee5/services/cloudfunctions.googleapis.com [omitted]
[debug] [2023-05-28T20:20:57.835Z] >>> [apiv2][query] POST https://serviceusage.googleapis.com/v1/projects/the-store-4bee5/services/cloudfunctions.googleapis.com:enable [none]
[debug] [2023-05-28T20:20:57.835Z] >>> [apiv2][(partial)header] POST https://serviceusage.googleapis.com/v1/projects/the-store-4bee5/services/cloudfunctions.googleapis.com:enable x-goog-quota-user=projects/the-store-4bee5
[debug] [2023-05-28T20:20:59.788Z] <<< [apiv2][status] POST https://serviceusage.googleapis.com/v1/projects/the-store-4bee5/services/cloudfunctions.googleapis.com:enable 200
[debug] [2023-05-28T20:20:59.788Z] <<< [apiv2][body] POST https://serviceusage.googleapis.com/v1/projects/the-store-4bee5/services/cloudfunctions.googleapis.com:enable [omitted]
[debug] [2023-05-28T20:21:09.798Z] >>> [apiv2][query] GET https://serviceusage.googleapis.com/v1/projects/the-store-4bee5/services/cloudfunctions.googleapis.com [none]
[debug] [2023-05-28T20:21:09.799Z] >>> [apiv2][(partial)header] GET https://serviceusage.googleapis.com/v1/projects/the-store-4bee5/services/cloudfunctions.googleapis.com x-goog-quota-user=projects/the-store-4bee5
[debug] [2023-05-28T20:21:11.052Z] <<< [apiv2][status] GET https://serviceusage.googleapis.com/v1/projects/the-store-4bee5/services/cloudfunctions.googleapis.com 200
[debug] [2023-05-28T20:21:11.053Z] <<< [apiv2][body] GET https://serviceusage.googleapis.com/v1/projects/the-store-4bee5/services/cloudfunctions.googleapis.com [omitted]
[info] Let's create a new codebase for your functions.
[info] A directory corresponding to the codebase will be created in your project
[info] with sample code pre-configured.

[info] See https://firebase.google.com/docs/functions/organize-functions for
[info] more information on organizing your functions using codebases.

[info] Functions can be deployed with firebase deploy.

[info] +  Wrote functions/package.json 
[info] +  Wrote functions/.eslintrc.js 
[info] +  Wrote functions/index.js 
[info] +  Wrote functions/.gitignore 
[info] 
=== Hosting Setup
[info] 
[info] Your public directory is the folder (relative to your project directory) that
[info] will contain Hosting assets to be uploaded with firebase deploy. If you
[info] have a build process for your assets, use your build's output directory.
[info] 
[debug] [2023-05-28T20:23:02.065Z] >>> [apiv2][query] GET https://www.gstatic.com/firebasejs/releases.json [none]
[debug] [2023-05-28T20:23:02.667Z] <<< [apiv2][status] GET https://www.gstatic.com/firebasejs/releases.json 200
[debug] [2023-05-28T20:23:02.667Z] <<< [apiv2][body] GET https://www.gstatic.com/firebasejs/releases.json {"current":{"version":"9.22.1","browserURL":"https://www.gstatic.com/firebasejs/9.22.1/firebase.js","packageURL":"https://www.gstatic.com/firebasejs/9.22.1/firebase.tgz"},"live":{"version":"9.22","browserURL":"https://www.gstatic.com/firebasejs/live/9.22/firebase.js","packageURL":"https://www.gstatic.com/firebasejs/live/9.22/firebase.tgz"},"components":{"analytics":"https://www.gstatic.com/firebasejs/9.22.1/firebase-analytics.js","app":"https://www.gstatic.com/firebasejs/9.22.1/firebase-app.js","app-check":"https://www.gstatic.com/firebasejs/9.22.1/firebase-app-check.js","auth":"https://www.gstatic.com/firebasejs/9.22.1/firebase-auth.js","auth/cordova":"https://www.gstatic.com/firebasejs/9.22.1/firebase-auth/cordova.js","auth/react-native":"https://www.gstatic.com/firebasejs/9.22.1/firebase-auth/react-native.js","functions":"https://www.gstatic.com/firebasejs/9.22.1/firebase-functions.js","firestore":"https://www.gstatic.com/firebasejs/9.22.1/firebase-firestore.js","firestore/lite":"https://www.gstatic.com/firebasejs/9.22.1/firebase-firestore/lite.js","installations":"https://www.gstatic.com/firebasejs/9.22.1/firebase-installations.js","storage":"https://www.gstatic.com/firebasejs/9.22.1/firebase-storage.js","performance":"https://www.gstatic.com/firebasejs/9.22.1/firebase-performance.js","remote-config":"https://www.gstatic.com/firebasejs/9.22.1/firebase-remote-config.js","messaging":"https://www.gstatic.com/firebasejs/9.22.1/firebase-messaging.js","messaging/sw":"https://www.gstatic.com/firebasejs/9.22.1/firebase-messaging/sw.js","database":"https://www.gstatic.com/firebasejs/9.22.1/firebase-database.js","firestore.memory":"https://www.gstatic.com/firebasejs/9.22.1/firebase-firestore.memory.js"}}
[info] +  Wrote public/index.html 
[info] 
[info] i  Detected a .git folder at C:\xampp\htdocs 
[info] i  Authorizing with GitHub to upload your service account to a GitHub repository's secrets store. 
[info] 
[info] Visit this URL on this device to log in:
[info] https://github.com/login/oauth/authorize?client_id=89cf50f02ac6aaed3484&state=1061921361&redirect_uri=http%3A%2F%2Flocalhost%3A9005&scope=read%3Auser%20repo%20public_repo
[info] 
[info] Waiting for authentication...
[debug] [2023-05-28T20:23:15.893Z] >>> [apiv2][query] POST https://github.com/login/oauth/access_token [none]
[debug] [2023-05-28T20:23:15.893Z] >>> [apiv2][body] POST https://github.com/login/oauth/access_token [stream]
[debug] [2023-05-28T20:23:16.594Z] <<< [apiv2][status] POST https://github.com/login/oauth/access_token 200
[debug] [2023-05-28T20:23:16.594Z] <<< [apiv2][body] POST https://github.com/login/oauth/access_token {"access_token":"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","token_type":"bearer","scope":"read:user,repo"}
[debug] [2023-05-28T20:23:16.642Z] >>> [apiv2][query] GET https://api.github.com/user [none]
[debug] [2023-05-28T20:23:17.238Z] <<< [apiv2][status] GET https://api.github.com/user 200
[debug] [2023-05-28T20:23:17.238Z] <<< [apiv2][body] GET https://api.github.com/user {"login":"EllisRockefeller","id":43081274,"node_id":"MDQ6VXNlcjQzMDgxMjc0","avatar_url":"https://avatars.githubusercontent.com/u/43081274?v=4","gravatar_id":"","url":"https://api.github.com/users/EllisRockefeller","html_url":"https://github.com/EllisRockefeller","followers_url":"https://api.github.com/users/EllisRockefeller/followers","following_url":"https://api.github.com/users/EllisRockefeller/following{/other_user}","gists_url":"https://api.github.com/users/EllisRockefeller/gists{/gist_id}","starred_url":"https://api.github.com/users/EllisRockefeller/starred{/owner}{/repo}","subscriptions_url":"https://api.github.com/users/EllisRockefeller/subscriptions","organizations_url":"https://api.github.com/users/EllisRockefeller/orgs","repos_url":"https://api.github.com/users/EllisRockefeller/repos","events_url":"https://api.github.com/users/EllisRockefeller/events{/privacy}","received_events_url":"https://api.github.com/users/EllisRockefeller/received_events","type":"User","site_admin":false,"name":"Ellis Armah ayikwei(Ellis Rockefeller)","company":"no company yet","blog":"no url yet","location":"la-Accra, Ghana","email":null,"hireable":null,"bio":"beginner developer .","twitter_username":null,"public_repos":2,"public_gists":0,"followers":0,"following":1,"created_at":"2018-09-08T00:32:33Z","updated_at":"2023-05-28T20:23:07Z","private_gists":1,"total_private_repos":3,"owned_private_repos":3,"disk_usage":67361,"collaborators":0,"two_factor_authentication":false,"plan":{"name":"free","space":976562499,"collaborators":0,"private_repos":10000}}
[info] 
[info] +  Success! Logged into GitHub as EllisRockefeller 
[info] 
[debug] [2023-05-28T20:23:33.107Z] >>> [apiv2][query] GET https://api.github.com/repos//actions/secrets/public-key type=owner
[debug] [2023-05-28T20:23:33.842Z] <<< [apiv2][status] GET https://api.github.com/repos//actions/secrets/public-key 404
[debug] [2023-05-28T20:23:33.842Z] <<< [apiv2][body] GET https://api.github.com/repos//actions/secrets/public-key {"message":"Not Found","documentation_url":"https://docs.github.com/rest"}
[info] 
[info] 
[error] !  The provided authorization cannot be used with this repository. If this repository is in an organization, did you remember to grant access? 
[info] 
[info] i  Action required: Visit this URL to ensure access has been granted to the appropriate organization(s) for the Firebase CLI GitHub OAuth App: 
[info] https://github.com/settings/connections/applications/89cf50f02ac6aaed3484
[info] 
[debug] [2023-05-28T20:23:38.939Z] >>> [apiv2][query] GET https://api.github.com/repos//actions/secrets/public-key type=owner
[debug] [2023-05-28T20:23:39.580Z] <<< [apiv2][status] GET https://api.github.com/repos//actions/secrets/public-key 404
[debug] [2023-05-28T20:23:39.580Z] <<< [apiv2][body] GET https://api.github.com/repos//actions/secrets/public-key {"message":"Not Found","documentation_url":"https://docs.github.com/rest"}
[info] 
[info] 
[error] !  The provided authorization cannot be used with this repository. If this repository is in an organization, did you remember to grant access? 
[info] 
[info] i  Action required: Visit this URL to ensure access has been granted to the appropriate organization(s) for the Firebase CLI GitHub OAuth App: 
[info] https://github.com/settings/connections/applications/89cf50f02ac6aaed3484
[info] 
[debug] [2023-05-28T20:37:29.259Z] >>> [apiv2][query] GET https://api.github.com/repos//actions/secrets/public-key type=owner
[debug] [2023-05-28T20:37:29.883Z] <<< [apiv2][status] GET https://api.github.com/repos//actions/secrets/public-key 404
[debug] [2023-05-28T20:37:29.883Z] <<< [apiv2][body] GET https://api.github.com/repos//actions/secrets/public-key {"message":"Not Found","documentation_url":"https://docs.github.com/rest"}
[info] 
[info] 
[error] !  The provided authorization cannot be used with this repository. If this repository is in an organization, did you remember to grant access? 
[info] 
[info] i  Action required: Visit this URL to ensure access has been granted to the appropriate organization(s) for the Firebase CLI GitHub OAuth App: 
[info] https://github.com/settings/connections/applications/89cf50f02ac6aaed3484
[info] 
